
> a-campus-tutoring-marketplace-post-a-lis-omham@0.1.0 build
> next build

⚠ `eslint` configuration in next.config.ts is no longer supported. See more info here: https://nextjs.org/docs/app/api-reference/cli/next#next-lint-options
⚠ Invalid next.config.ts options detected: 
⚠     Unrecognized key(s) in object: 'eslint'
⚠ See more info here: https://nextjs.org/docs/messages/invalid-next-config
▲ Next.js 16.2.10 (Turbopack)

  Creating an optimized production build ...

> Build error occurred
Error: Turbopack build failed with 3 errors:
./app/page.tsx:1:20
You're importing a module that depends on `useEffect` into a React Server Component module. This API is only available in Client Components. To fix, mark the file (or its parent) with the `"use client"` directive.
    Learn more: https://nextjs.org/docs/app/api-reference/directives/use-client
[31m[1m>[0m [90m1 |[0m [36mimport[0m { useState, useEffect } [36mfrom[0m [32m'react'[0m;
  [90m  |[0m                    [31m[1m^^^^^^^^^[0m
  [90m2 |[0m [36mimport[0m styles [36mfrom[0m [32m"./page.module.css"[0m;
  [90m3 |[0m
  [90m4 |[0m [36minterface[0m [33mTutor[0m {

Ecmascript file had an error


./app/page.tsx:1:10
You're importing a module that depends on `useState` into a React Server Component module. This API is only available in Client Components. To fix, mark the file (or its parent) with the `"use client"` directive.
    Learn more: https://nextjs.org/docs/app/api-reference/directives/use-client
[31m[1m>[0m [90m1 |[0m [36mimport[0m { useState, useEffect } [36mfrom[0m [32m'react'[0m;
  [90m  |[0m          [31m[1m^^^^^^^^[0m
  [90m2 |[0m [36mimport[0m styles [36mfrom[0m [32m"./page.module.css"[0m;
  [90m3 |[0m
  [90m4 |[0m [36minterface[0m [33mTutor[0m {

Ecmascript file had an error


./app/api/items/route.ts:2:1
Module not found: Can't resolve '@supabase/supabase-js'
  [90m1 |[0m [36mimport[0m { [33mNextApiRequest[0m, [33mNextApiResponse[0m } [36mfrom[0m [32m'next'[0m;
[31m[1m>[0m [90m2 |[0m [36mimport[0m { createClient } [36mfrom[0m [32m'@supabase/supabase-js'[0m;
  [90m  |[0m [31m[1m^^^^^^^^^^^^^^^^^^^^^^^^^^^^^^^^^^^^^^^^^^^^^^^^^^^^^[0m
  [90m3 |[0m
  [90m4 |[0m [36minterface[0m [33mTutor[0m {
  [90m5 |[0m   id: number;



https://nextjs.org/docs/messages/module-not-found


    at <unknown> (./app/page.tsx:1:20)
    at <unknown> (./app/page.tsx:1:10)
    at <unknown> (./app/api/items/route.ts:2:1)
    at <unknown> (https://nextjs.org/docs/messages/module-not-found)
